<?xml version="1.0" encoding="UTF-8"?>
<!-- Generated by org.testng.reporters.JUnitReportReporter -->
<testsuite hostname="LAPTOP-TEFCBM5F" failures="0" tests="1" name="azuredev.DevopsTest" time="0.009" errors="0" timestamp="2021-12-07T21:52:17 IST" skipped="0">
  <testcase classname="azuredev.DevopsTest" name="test" time="0.009"/>
  <system-out/>
</testsuite> <!-- azuredev.DevopsTest -->
